<?xml version="1.0" encoding="UTF-8"?>
<testsuite xmlns:xsi="http://www.w3.org/2001/XMLSchema-instance" xsi:schemaLocation="https://maven.apache.org/surefire/maven-surefire-plugin/xsd/surefire-test-report.xsd" name="TestSuite" time="82.868" tests="5" errors="0" skipped="1" failures="1">
  <properties>
[...]
</properties>
  <testcase name="emptyPasswordTC1" classname="com.salesforce.automation.scripts.TestScripts" time="6.67">
    <failure message="expected [Please enter your] but found [Please enter your password.]" type="java.lang.AssertionError">java.lang.AssertionError: expected [Please enter your] but found [Please enter your password.]
	at com.salesforce.automation.scripts.TestScripts.emptyPasswordTC1(TestScripts.java:49)
</failure>
    <system-out><![CDATA[new report created
path set up
before test is executing
before method is executing
test created in extent report
Test Case 1 : Login Error 
enetring property value
Property from file is mamtarani@tekarch.com
mamtarani@tekarch.com
Property from file is 
Remember Me pressed scuccesfully.
Login Button pressed scuccesfully.
]]></system-out>
    <system-err><![CDATA[SLF4J: Failed to load class "org.slf4j.impl.StaticLoggerBinder".
SLF4J: Defaulting to no-operation (NOP) logger implementation
SLF4J: See http://www.slf4j.org/codes.html#StaticLoggerBinder for further details.
Starting ChromeDriver 107.0.5304.62 (1eec40d3a5764881c92085aaee66d25075c159aa-refs/branch-heads/5304@{#942}) on port 64157
Only local connections are allowed.
Please see https://chromedriver.chromium.org/security-considerations for suggestions on keeping ChromeDriver safe.
ChromeDriver was started successfully.
Nov 09, 2022 12:13:41 AM org.openqa.selenium.remote.ProtocolHandshake createSession
INFO: Detected upstream dialect: W3C
Nov 09, 2022 12:13:42 AM org.openqa.selenium.devtools.CdpVersionFinder findNearestMatch
WARNING: Unable to find an exact match for CDP version 107, so returning the closest version found: 104
Nov 09, 2022 12:13:42 AM org.openqa.selenium.devtools.CdpVersionFinder findNearestMatch
INFO: Found CDP implementation for version 107 of 104
]]></system-err>
  </testcase>
  <testcase name="loginSuccessTC2" classname="com.salesforce.automation.scripts.TestScripts" time="15.27"/>
  <testcase name="logoutSuccessTC3" classname="com.salesforce.automation.scripts.TestScripts" time="0">
    <skipped/>
    <system-out><![CDATA[after method is executing
]]></system-out>
    <system-err><![CDATA[[1667970859.430][SEVERE]: Unable to receive message from renderer
]]></system-err>
  </testcase>
  <testcase name="forgotPasswordTC4A" classname="com.salesforce.automation.scripts.TestScripts" time="5.228"/>
  <testcase name="invalidLoginTC4B" classname="com.salesforce.automation.scripts.TestScripts" time="6.196"/>
</testsuite>